<?xml version="1.0" encoding="UTF-8"?>
<!-- Generated by org.testng.reporters.JUnitReportReporter -->
<testsuite skipped="0" hostname="DELL-PC" name="BookFlight.BookFlights" tests="1" failures="0" timestamp="10 Mar 2020 17:37:15 GMT" time="17.629" errors="0">
  <testcase name="bookFlight" time="17.629" classname="BookFlight.BookFlights"/>
</testsuite> <!-- BookFlight.BookFlights -->
